srun: Warning: can't run 1 processes on 4 nodes, setting nnodes to 1
  

     Program eQE v.0.2.0 starts on 19Apr2020 at 11:59:32 

     This program is based on the open-source Quantum ESPRESSO suite

     Parallel version (MPI), running on     1 processors
 alpha   2.80000000000000     
 kji         149         149         149
 before plot_io
 after plot_io
 after write_wg_on_file_large
 Local_MT(g = 0) (-1.62285784956642,0.000000000000000E+000)
 Local_MT(g = 0) (-1.62285784956642,0.000000000000000E+000)
 Hartree_MT(g = 0) (1.42000061837062,0.000000000000000E+000)
 Rho (g = 0) (7.00000000000001,0.000000000000000E+000)
 Omega   12953.2686687672     
 Hartree_MT(g = 0) (1.42000061837113,0.000000000000000E+000)
 Rho (g = 0) (7.00000000000255,0.000000000000000E+000)
 Omega   12953.2686687672     
 E_interaction =    1.78004445448570     
 Hartree_MT(g = 0) (1.42000061836126,0.000000000000000E+000)
 Rho (g = 0) (6.99999999995387,0.000000000000000E+000)
 Omega   12953.2686687672     
 E_interaction =    1.73892198009400     
 Hartree_MT(g = 0) (1.42000061836270,0.000000000000000E+000)
 Rho (g = 0) (6.99999999996097,0.000000000000000E+000)
 Omega   12953.2686687672     
 E_interaction =    1.74204440586529     
 Hartree_MT(g = 0) (1.42000061838980,0.000000000000000E+000)
 Rho (g = 0) (7.00000000009456,0.000000000000000E+000)
 Omega   12953.2686687672     
 E_interaction =    1.73347665390082     
 Hartree_MT(g = 0) (1.42000061838646,0.000000000000000E+000)
 Rho (g = 0) (7.00000000007809,0.000000000000000E+000)
 Omega   12953.2686687672     
 E_interaction =    1.73543537572565     
 Hartree_MT(g = 0) (1.42000061837080,0.000000000000000E+000)
 Rho (g = 0) (7.00000000000091,0.000000000000000E+000)
 Omega   12953.2686687672     
 E_interaction =    1.73171783604233     
 Hartree_MT(g = 0) (1.42000061837257,0.000000000000000E+000)
 Rho (g = 0) (7.00000000000961,0.000000000000000E+000)
 Omega   12953.2686687672     
 E_interaction =    1.73040352103151     
 Hartree_MT(g = 0) (1.42000061835420,0.000000000000000E+000)
 Rho (g = 0) (6.99999999991907,0.000000000000000E+000)
 Omega   12953.2686687672     
 E_interaction =    1.73017607374197     
 Hartree_MT(g = 0) (1.42000061835466,0.000000000000000E+000)
 Rho (g = 0) (6.99999999992135,0.000000000000000E+000)
 Omega   12953.2686687672     
 E_interaction =    1.73017658278427     
 Hartree_MT(g = 0) (1.42000061839177,0.000000000000000E+000)
 Rho (g = 0) (7.00000000010429,0.000000000000000E+000)
 Omega   12953.2686687672     
 E_interaction =    1.73021180815235     
 Hartree_MT(g = 0) (1.42000061842246,0.000000000000000E+000)
 Rho (g = 0) (7.00000000025557,0.000000000000000E+000)
 Omega   12953.2686687672     
 E_interaction =    1.73021875474930     
 Hartree_MT(g = 0) (1.42000061837046,0.000000000000000E+000)
 Rho (g = 0) (6.99999999999924,0.000000000000000E+000)
 Omega   12953.2686687672     
 E_interaction =    1.73021311078519     
 Hartree_MT(g = 0) (1.42000061836292,0.000000000000000E+000)
 Rho (g = 0) (6.99999999996206,0.000000000000000E+000)
 Omega   12953.2686687672     
 E_interaction =    1.73021639886341     
 Hartree_MT(g = 0) (1.42000061838821,0.000000000000000E+000)
 Rho (g = 0) (7.00000000008675,0.000000000000000E+000)
 Omega   12953.2686687672     
 E_interaction =    1.73021788413926     
