     Reading input from water.scf_0.in

     Current dimensions of program PWSCF are:
     Max number of different atomic species (ntypx) = 10
     Max number of k-points (npk) =  40000
     Max angular momentum in pseudopotentials (lmaxx) =  3
               file O.pbe-rrkjus.UPF: wavefunction(s)  2S renormalized
               file H.pbe-rrkjus.UPF: wavefunction(s)  1S renormalized

     Subspace diagonalization in iterative solution of the eigenvalue problem:
     a serial algorithm will be used


   Info: using nr1, nr2, nr3 values from input
 
     G-vector sticks info
     --------------------
     sticks:   dense  smooth     PW     G-vecs:    dense   smooth      PW
     Sum       17561    7025   1757              1749933   442831   55467
 
 
     G-vector sticks info Large
     --------------------
     sticks:   dense     G-vecs:    dense
     Sum       17561              1749933
 
     Reading data from file  water-64_embedpot_MT_0_alpha.pp
 after opening file
 before rewinding file
 ref_atm           1
  5.712998278054038E-002  5.873927807013318E-002  0.102190250889136     
        -137           1        -122


     bravais-lattice index     =            0
     lattice parameter (alat)  =      23.4851  a.u.
     unit-cell volume          =   12953.2687 (a.u.)^3
     number of atoms/cell      =            3
     number of atomic types    =            2


     Large bravais-lattice index     =            0
     Large lattice parameter (alat)  =      23.4851  a.u.
     Large unit-cell volume          =   12953.2687 (a.u.)^3
     number of electrons       =         7.00
     number of Kohn-Sham states=            8
     kinetic-energy cutoff     =      40.0000  Ry
     charge density cutoff     =     400.0000  Ry
     convergence threshold     =      1.0E-08
     mixing beta               =       0.7000
     number of iterations used =            8  plain     mixing
     Exchange-correlation      =  SLA  PW   PBE  PBE ( 1  4  3  4 0)
 
     ===== FROZEN DENSITY EMBEDDING METHOD ======================
     Number of fragments  :   1
     Total number of atoms:   3
     Current fragment     :   1
     Initial FDE Density  : Atomic
     Kinetic energy funct.: revAPBEK  
     Fragment Charge      :  1.00
     Total    Charge      :  1.00
     Fragment Spin        : Closed Shell
     Total    Spin        : Closed Shell
     Fragment #   1:
         1           O   tau(   1) = (   0.5753231   0.4763514   0.6638343  )
         2           H   tau(   2) = (   0.6147508   0.5350907   0.6324530  )
         3           H   tau(   3) = (   0.5576208   0.5012955   0.7346433  )
     ===== FROZEN DENSITY EMBEDDING METHOD ======================
 
     Assuming isolated system, Martyna-Tuckerman method


     celldm(1)=  23.485138  celldm(2)=   0.000000  celldm(3)=   0.000000
     celldm(4)=   0.000000  celldm(5)=   0.000000  celldm(6)=   0.000000

     crystal axes: (cart. coord. in units of alat)
               a(1) = (   1.000000   0.000000   0.000000 )  
               a(2) = (   0.000000   1.000000   0.000000 )  
               a(3) = (   0.000000   0.000000   1.000000 )  

     reciprocal axes: (cart. coord. in units 2 pi/alat)
               b(1) = (  1.000000  0.000000  0.000000 )  
               b(2) = (  0.000000  1.000000  0.000000 )  
               b(3) = (  0.000000  0.000000  1.000000 )  

     Large crystal axes: (cart. coord. in units of alat)
               a(1) = (   1.000000   0.000000   0.000000 )  
               a(2) = (   0.000000   1.000000   0.000000 )  
               a(3) = (   0.000000   0.000000   1.000000 )  

     Large reciprocal axes: (cart. coord. in units 2 pi/alat)
               b(1) = (  1.000000  0.000000  0.000000 )  
               b(2) = (  0.000000  1.000000  0.000000 )  
               b(3) = (  0.000000  0.000000  1.000000 )  


     PseudoPot. # 1 for O  read from file:
     ./O.pbe-rrkjus.UPF
     MD5 check sum: 390ba29e75625707450f3bd3f0eb6be9
     Pseudo is Ultrasoft, Zval =  6.0
     Generated by new atomic code, or converted to UPF format
     Using radial grid of 1269 points,  4 beta functions with: 
                l(1) =   0
                l(2) =   0
                l(3) =   1
                l(4) =   1
     Q(r) pseudized with 0 coefficients 


     PseudoPot. # 2 for H  read from file:
     ./H.pbe-rrkjus.UPF
     MD5 check sum: 7cc9d459525c9a0585f487a71c3c9563
     Pseudo is Ultrasoft, Zval =  1.0
     Generated by new atomic code, or converted to UPF format
     Using radial grid of 1061 points,  2 beta functions with: 
                l(1) =   0
                l(2) =   0
     Q(r) pseudized with 0 coefficients 


     atomic species   valence    mass     pseudopotential
        O              6.00    15.99900     O ( 1.00)
        H              1.00     1.00794     H ( 1.00)

     No symmetry found


                                    s                        frac. trans.

      isym =  1     identity                                     

 cryst.   s( 1) = (     1          0          0      )
                  (     0          1          0      )
                  (     0          0          1      )

 cart.    s( 1) = (  1.0000000  0.0000000  0.0000000 )
                  (  0.0000000  1.0000000  0.0000000 )
                  (  0.0000000  0.0000000  1.0000000 )


     point group C_1 (1)    
     there are  1 classes
     the character table:

       E    
A      1.00

     the symmetry operations in each class:
     E        1

   Cartesian axes

     site n.     atom                  positions (alat units)
         1           O   tau(   1) = (   0.5753231   0.4763514   0.6638343  )
         2           H   tau(   2) = (   0.6147508   0.5350907   0.6324530  )
         3           H   tau(   3) = (   0.5576208   0.5012955   0.7346433  )

   Crystallographic axes

     site n.     atom                  positions (cryst. coord.)
         1           O   tau(   1) = (  0.5753231  0.4763514  0.6638343  )
         2           H   tau(   2) = (  0.6147508  0.5350907  0.6324530  )
         3           H   tau(   3) = (  0.5576208  0.5012955  0.7346433  )

     number of k points=     1  gaussian smearing, width (Ry)=  0.0040
                       cart. coord. in units 2pi/alat
        k(    1) = (   0.0000000   0.0000000   0.0000000), wk =   2.0000000

                       cryst. coord.
        k(    1) = (   0.0000000   0.0000000   0.0000000), wk =   2.0000000

     Dense  grid:  1749933 G-vectors     FFT dimensions: ( 150, 150, 150)

     Smooth grid:   442831 G-vectors     FFT dimensions: (  96,  96,  96)

     Large  grid:  1749933 G-vectors     FFT dimensions: ( 150, 150, 150)

     Largest allocated arrays     est. size (Mb)     dimensions
        Kohn-Sham Wavefunctions         6.77 Mb     (   55467,    8)
        NL pseudopotentials            10.16 Mb     (   55467,   12)
        Each V/rho on FFT grid         51.50 Mb     ( 3375000)
        Each V/rho on Large FFT grid      51.50 Mb     ( 3375000)
        Each G-vector array            13.35 Mb     ( 1749933)
        G-vector shells                 0.04 Mb     (    4661)
        Each G-vector array (Large)      13.35 Mb     ( 1749933)
        G-vector shells (Large)           0.04 Mb     (    4661)
     Largest temporary arrays     est. size (Mb)     dimensions
        Auxiliary wavefunctions        27.08 Mb     (   55467,   32)
        Each subspace H/S matrix        0.02 Mb     (      32,   32)
        Each <psi_i|beta_j> matrix      0.00 Mb     (      12,    8)
        Arrays for rho mixing         411.99 Mb     ( 3375000,    8)
     Writing data to file  wg_corr_r
 before rewinding file

     Initial potential from superposition of free atoms
     Check: negative starting charge=   -0.000993

     starting charge    7.80759, renormalised to    7.00000

     negative rho (up, down):  8.904E-04 0.000E+00
     Starting wfc are    6 randomized atomic wfcs +    2 random wfc

     total cpu time spent up to now is       17.5 secs

     per-process dynamical memory:  1652.2 Mb

     Self-consistent Calculation

     iteration #  1     ecut=    40.00 Ry     beta=0.70
     Davidson diagonalization with overlap
     ethr =  1.00E-02,  avg # of iterations =  5.0

     negative rho (up, down):  7.660E-04 0.000E+00

     total cpu time spent up to now is       27.4 secs

     max. frag. est. scf acc.  =       1.37489305 Ry

     frag. estimated scf acc.  <       1.37489305 Ry
     total Hartree energy      =      29.91135247

     iteration #  2     ecut=    40.00 Ry     beta=0.70
     Davidson diagonalization with overlap
     ethr =  1.00E-02,  avg # of iterations =  1.0

     negative rho (up, down):  2.080E-03 0.000E+00

     total cpu time spent up to now is       36.5 secs

     max. frag. est. scf acc.  =       0.84400576 Ry

     frag. estimated scf acc.  <       0.84400576 Ry
     total Hartree energy      =      35.01532191

     iteration #  3     ecut=    40.00 Ry     beta=0.70
     Davidson diagonalization with overlap
     ethr =  1.00E-02,  avg # of iterations =  2.0

     negative rho (up, down):  1.749E-03 0.000E+00

     total cpu time spent up to now is       45.7 secs

     max. frag. est. scf acc.  =       0.10585402 Ry

     frag. estimated scf acc.  <       0.10585402 Ry
     total Hartree energy      =      34.60047220

     iteration #  4     ecut=    40.00 Ry     beta=0.70
     Davidson diagonalization with overlap
     ethr =  1.51E-03,  avg # of iterations =  3.0

     negative rho (up, down):  1.863E-02 0.000E+00

     total cpu time spent up to now is       54.9 secs

     max. frag. est. scf acc.  =       0.06652624 Ry

     frag. estimated scf acc.  <       0.06652624 Ry
     total Hartree energy      =      35.63549073

     iteration #  5     ecut=    40.00 Ry     beta=0.70
     Davidson diagonalization with overlap
     ethr =  9.50E-04,  avg # of iterations =  2.0

     negative rho (up, down):  1.117E-03 0.000E+00

     total cpu time spent up to now is       63.9 secs

     max. frag. est. scf acc.  =       0.00328200 Ry

     frag. estimated scf acc.  <       0.00328200 Ry
     total Hartree energy      =      35.27033896

     iteration #  6     ecut=    40.00 Ry     beta=0.70
     Davidson diagonalization with overlap
     ethr =  4.69E-05,  avg # of iterations = 10.0

     negative rho (up, down):  1.070E-03 0.000E+00

     total cpu time spent up to now is       73.8 secs

     max. frag. est. scf acc.  =       0.00074832 Ry

     frag. estimated scf acc.  <       0.00074832 Ry
     total Hartree energy      =      35.31506171

     iteration #  7     ecut=    40.00 Ry     beta=0.70
     Davidson diagonalization with overlap
     ethr =  1.07E-05,  avg # of iterations =  2.0

     negative rho (up, down):  1.153E-03 0.000E+00

     total cpu time spent up to now is       82.9 secs

     max. frag. est. scf acc.  =       0.00006358 Ry

     frag. estimated scf acc.  <       0.00006358 Ry
     total Hartree energy      =      35.37134141

     iteration #  8     ecut=    40.00 Ry     beta=0.70
     Davidson diagonalization with overlap
     ethr =  9.08E-07,  avg # of iterations =  4.0

     negative rho (up, down):  4.615E-04 0.000E+00

     total cpu time spent up to now is       92.4 secs

     max. frag. est. scf acc.  =       0.00000304 Ry

     frag. estimated scf acc.  <       0.00000304 Ry
     total Hartree energy      =      35.37878267

     iteration #  9     ecut=    40.00 Ry     beta=0.70
     Davidson diagonalization with overlap
     ethr =  4.34E-08,  avg # of iterations =  3.0

     negative rho (up, down):  1.499E-04 0.000E+00

     total cpu time spent up to now is      101.7 secs

     max. frag. est. scf acc.  =       0.00000212 Ry

     frag. estimated scf acc.  <       0.00000212 Ry
     total Hartree energy      =      35.37666957

     iteration # 10     ecut=    40.00 Ry     beta=0.70
     Davidson diagonalization with overlap
     ethr =  3.02E-08,  avg # of iterations =  1.0

     negative rho (up, down):  5.406E-05 0.000E+00

     total cpu time spent up to now is      110.5 secs

     max. frag. est. scf acc.  =       0.00000114 Ry

     frag. estimated scf acc.  <       0.00000114 Ry
     total Hartree energy      =      35.37388399

     iteration # 11     ecut=    40.00 Ry     beta=0.70
     Davidson diagonalization with overlap
     ethr =  1.63E-08,  avg # of iterations =  1.0

     negative rho (up, down):  3.173E-05 0.000E+00

     total cpu time spent up to now is      119.2 secs

     max. frag. est. scf acc.  =       0.00000025 Ry

     frag. estimated scf acc.  <       0.00000025 Ry
     total Hartree energy      =      35.37067272

     iteration # 12     ecut=    40.00 Ry     beta=0.70
     Davidson diagonalization with overlap
     ethr =  3.55E-09,  avg # of iterations =  2.0

     negative rho (up, down):  3.563E-05 0.000E+00

     total cpu time spent up to now is      128.1 secs

     max. frag. est. scf acc.  =       0.00000008 Ry

     frag. estimated scf acc.  <       0.00000008 Ry
     total Hartree energy      =      35.37130929

     iteration # 13     ecut=    40.00 Ry     beta=0.70
     Davidson diagonalization with overlap
     ethr =  1.09E-09,  avg # of iterations =  1.0

     negative rho (up, down):  3.703E-05 0.000E+00

     total cpu time spent up to now is      136.8 secs

     max. frag. est. scf acc.  =       0.00000001 Ry

     frag. estimated scf acc.  <       0.00000001 Ry
     total Hartree energy      =      35.37177968

     iteration # 14     ecut=    40.00 Ry     beta=0.70
     Davidson diagonalization with overlap
     ethr =  1.93E-10,  avg # of iterations =  2.0

     negative rho (up, down):  3.651E-05 0.000E+00

     total cpu time spent up to now is      146.6 secs

     End of self-consistent calculation

          k = 0.0000 0.0000 0.0000 ( 55467 PWs)   bands (ev):

   -35.0137 -21.8117 -18.4917 -17.2640  -4.1500  -1.9298  -0.7719  -0.1624

     occupation numbers 
     1.0000   1.0000   1.0000   0.5000   0.0000   0.0000   0.0000   0.0000

     the Fermi energy is   -17.2640 ev

     max. frag. est. scf acc.  =          0.3E-09 Ry

     frag. estimated scf acc.  <          0.3E-09 Ry

     The total energy is the sum of the following terms:

     one-electron contribution =     -74.88290860 Ry
     hartree contribution      =      35.37172828 Ry
     xc contribution           =      -7.66395278 Ry
     ewald contribution        =      13.92547792 Ry
 
     FDE: sum of frag energies =     -33.25191195 Ry
     FDE: ewald double counting=       0.00000000 Ry
     FDE: non additive kinetic =       0.00000000 Ry
     FDE: non additive E_XC    =       1.73021788 Ry
     FDE: total energy         =     -31.52169406 Ry
     smearing contrib. (-TS)   =      -0.00225676 Ry

     convergence has been achieved in  14 iterations

     Writing output data file water-64.save
 
     init_run     :     11.95s CPU     16.96s WALL (       1 calls)
     electrons    :    120.25s CPU    129.23s WALL (       1 calls)

     Called by init_run:
     wfcinit      :      0.31s CPU      0.70s WALL (       1 calls)
     potinit      :      4.77s CPU      5.46s WALL (       1 calls)

     Called by electrons:
     c_bands      :     11.58s CPU     11.61s WALL (      14 calls)
     sum_band     :     21.51s CPU     22.24s WALL (      14 calls)
     v_of_rho     :     61.84s CPU     69.52s WALL (      15 calls)
     v_h          :      2.37s CPU      2.63s WALL (      15 calls)
     v_xc         :     20.28s CPU     22.48s WALL (      16 calls)
     newd         :     22.82s CPU     23.58s WALL (      15 calls)
     mix_rho      :      4.14s CPU      4.19s WALL (      14 calls)

     Called by c_bands:
     init_us_2    :      0.29s CPU      0.30s WALL (      29 calls)
     cegterg      :     11.24s CPU     11.26s WALL (      14 calls)

     Called by sum_band:
     sum_band:bec :      0.00s CPU      0.00s WALL (      14 calls)
     addusdens    :     13.98s CPU     14.66s WALL (      14 calls)

     Called by *egterg:
     h_psi        :     10.48s CPU     10.54s WALL (      54 calls)
     s_psi        :      0.12s CPU      0.12s WALL (      54 calls)
     g_psi        :      0.06s CPU      0.06s WALL (      39 calls)
     cdiaghg      :      0.01s CPU      0.34s WALL (      53 calls)
     cegterg:over :      0.24s CPU      0.24s WALL (      39 calls)
     cegterg:upda :      0.22s CPU      0.22s WALL (      39 calls)
     cegterg:last :      0.11s CPU      0.11s WALL (      15 calls)

     Called by h_psi:
     h_psi:vloc   :     10.19s CPU     10.20s WALL (      54 calls)
     h_psi:vnl    :      0.25s CPU      0.30s WALL (      54 calls)
     add_vuspsi   :      0.12s CPU      0.12s WALL (      54 calls)

     General routines
     calbec       :      0.18s CPU      0.23s WALL (      68 calls)
     fft          :     18.33s CPU     19.49s WALL (     230 calls)
     ffts         :      0.47s CPU      0.48s WALL (      29 calls)
     fftw         :      8.26s CPU      8.26s WALL (     714 calls)
     interpolate  :      3.30s CPU      3.34s WALL (      29 calls)
     davcio       :      0.00s CPU      0.00s WALL (       1 calls)
 
     Parallel routines
     fft_scatter  :      8.57s CPU     10.01s WALL (    1218 calls)
 
     PWSCF        :    132.43s CPU    147.05s WALL (       1 calls)
 
   This run was terminated on:  12: 1:59  19Apr2020            

=------------------------------------------------------------------------------=
   JOB DONE.
=------------------------------------------------------------------------------=
