     Reading input from water.scf_52.in

     Current dimensions of program PWSCF are:
     Max number of different atomic species (ntypx) = 10
     Max number of k-points (npk) =  40000
     Max angular momentum in pseudopotentials (lmaxx) =  3
               file O.pbe-rrkjus.UPF: wavefunction(s)  2S renormalized
               file H.pbe-rrkjus.UPF: wavefunction(s)  1S renormalized

     Subspace diagonalization in iterative solution of the eigenvalue problem:
     a serial algorithm will be used


   Info: using nr1, nr2, nr3 values from input
 
     G-vector sticks info
     --------------------
     sticks:   dense  smooth     PW     G-vecs:    dense   smooth      PW
     Sum       17561    7025   1757              1749933   442831   55467
 
 
     G-vector sticks info Large
     --------------------
     sticks:   dense     G-vecs:    dense
     Sum       17561              1749933
 
 ref_atm           1
  5.310674455655873E-002  9.172983150678327E-002  7.161364038687457E-002
        -138        -130         -74


     bravais-lattice index     =            0
     lattice parameter (alat)  =      23.4851  a.u.
     unit-cell volume          =   12953.2687 (a.u.)^3
     number of atoms/cell      =            3
     number of atomic types    =            2


     Large bravais-lattice index     =            0
     Large lattice parameter (alat)  =      23.4851  a.u.
     Large unit-cell volume          =   12953.2687 (a.u.)^3
     number of electrons       =         8.00
     number of Kohn-Sham states=            4
     kinetic-energy cutoff     =      40.0000  Ry
     charge density cutoff     =     400.0000  Ry
     convergence threshold     =      1.0E-08
     mixing beta               =       0.7000
     number of iterations used =            8  plain     mixing
     Exchange-correlation      =  SLA  PW   PBE  PBE ( 1  4  3  4 0)
 
     ===== FROZEN DENSITY EMBEDDING METHOD ======================
     Number of fragments  :  64
     Total number of atoms: 192
     Current fragment     :  53
     Initial FDE Density  : Atomic
     Kinetic energy funct.: revAPBEK  
     Fragment Charge      :  0.00
     Total    Charge      :  1.00
     Fragment Spin        : Closed Shell
     Total    Spin        : Closed Shell
     Fragment #   1:
         1           O   tau(   1) = (   0.5753231   0.4763514   0.6638343  )
         2           H   tau(   2) = (   0.6147508   0.5350907   0.6324530  )
         3           H   tau(   3) = (   0.5576208   0.5012955   0.7346433  )
     Fragment #   2:
         1           O   tau(   4) = (   0.2236920   0.5825649   0.1303529  )
         2           H   tau(   5) = (   0.1673667   0.6260159   0.1601249  )
         3           H   tau(   6) = (   0.2566826   0.6276252   0.0772462  )
     Fragment #   3:
         1           O   tau(   7) = (   0.3242730   0.1528831   0.9816701  )
         2           H   tau(   8) = (   0.2486361   0.1528831   0.9977631  )
         3           H   tau(   9) = (   0.3476078   0.2244967   0.9969584  )
     Fragment #   4:
         1           O   tau(  10) = (   0.6147508   0.6871691   0.4835932  )
         2           H   tau(  11) = (   0.6227973   0.7595874   0.4594538  )
         3           H   tau(  12) = (   0.5680812   0.6549832   0.4312911  )
     Fragment #   5:
         1           O   tau(  13) = (   0.7000435   0.9816701   0.4015192  )
         2           H   tau(  14) = (   0.7692431   0.9599446   0.4256586  )
         3           H   tau(  15) = (   0.7032620   1.0589163   0.3991052  )
     Fragment #   6:
         1           O   tau(  16) = (   0.1134553   0.7338387   0.2494408  )
         2           H   tau(  17) = (   0.1343762   0.7917733   0.2027712  )
         3           H   tau(  18) = (   0.1408133   0.7547595   0.3186405  )
     Fragment #   7:
         1           O   tau(  19) = (   0.5238256   0.4232447   0.8746520  )
         2           H   tau(  20) = (   0.5302628   0.4892258   0.9140797  )
         3           H   tau(  21) = (   0.4924444   0.3741612   0.9253448  )
     Fragment #   8:
         1           O   tau(  22) = (   0.9333913   0.3942773   0.4650863  )
         2           H   tau(  23) = (   0.8714334   0.4393376   0.4658910  )
         3           H   tau(  24) = (   0.9430470   0.3725519   0.5383093  )
     Fragment #   9:
         1           O   tau(  25) = (   0.7201596   0.1971387   0.4168075  )
         2           H   tau(  26) = (   0.7080899   0.2301292   0.4852025  )
         3           H   tau(  27) = (   0.6686622   0.2317385   0.3701379  )
     Fragment #  10:
         1           O   tau(  28) = (   0.5978532   0.3291009   0.1029949  )
         2           H   tau(  29) = (   0.6300391   0.2792127   0.0531067  )
         3           H   tau(  30) = (   0.6421088   0.3918634   0.0981670  )
     Fragment #  11:
         1           O   tau(  31) = (   0.9510935   0.5399186   0.1585156  )
         2           H   tau(  32) = (   0.9881073   0.6075090   0.1536877  )
         3           H   tau(  33) = (   0.9390238   0.5302628   0.2341525  )
     Fragment #  12:
         1           O   tau(  34) = (   0.1375947   0.4264633   0.3950820  )
         2           H   tau(  35) = (   0.0675904   0.4023238   0.4160028  )
         3           H   tau(  36) = (   0.1416180   0.4988815   0.4224400  )
     Fragment #  13:
         1           O   tau(  37) = (   0.0740276   0.0064372   0.5841742  )
         2           H   tau(  38) = (   0.0619579  -0.0048279   0.6598111  )
         3           H   tau(  39) = (   0.0756369   0.0828787   0.5761277  )
     Fragment #  14:
         1           O   tau(  40) = (   0.7346433   0.4900304   0.8979868  )
         2           H   tau(  41) = (   0.7459084   0.5117559   0.9712097  )
         3           H   tau(  42) = (   0.6590064   0.4731328   0.8947682  )
     Fragment #  15:
         1           O   tau(  43) = (   0.1778271   0.8472940   0.4497980  )
         2           H   tau(  44) = (   0.2550733   0.8513172   0.4457748  )
         3           H   tau(  45) = (   0.1577109   0.9116658   0.4876165  )
     Fragment #  16:
         1           O   tau(  46) = (   0.1939201   0.2357618   0.6388902  )
         2           H   tau(  47) = (   0.2325432   0.3009382   0.6509599  )
         3           H   tau(  48) = (   0.2333478   0.1818504   0.6775133  )
     Fragment #  17:
         1           O   tau(  49) = (   0.8987914   0.8625823   0.4972722  )
         2           H   tau(  50) = (   0.9004007   0.8207406   0.5616441  )
         3           H   tau(  51) = (   0.9607493   0.9076425   0.5021001  )
     Fragment #  18:
         1           O   tau(  52) = (   0.9567260   0.0547160   0.7684385  )
         2           H   tau(  53) = (   0.9092518  -0.0048279   0.7829222  )
         3           H   tau(  54) = (   0.9124704   0.1174786   0.7764850  )
     Fragment #  19:
         1           O   tau(  55) = (   0.5809556   0.9398284   0.5648626  )
         2           H   tau(  56) = (   0.5544022   1.0090281   0.5857835  )
         3           H   tau(  57) = (   0.6268205   0.9535075   0.5045141  )
     Fragment #  20:
         1           O   tau(  58) = (   0.5535976   0.2615105   0.2969150  )
         2           H   tau(  59) = (   0.5310674   0.3274916   0.3291009  )
         3           H   tau(  60) = (   0.5704952   0.2800174   0.2244967  )
     Fragment #  21:
         1           O   tau(  61) = (   0.6654436   0.2727756   0.6276252  )
         2           H   tau(  62) = (   0.6091183   0.2228874   0.6421088  )
         3           H   tau(  63) = (   0.6300391   0.3419752   0.6268205  )
     Fragment #  22:
         1           O   tau(  64) = (   0.3468031   0.4007145   0.6284298  )
         2           H   tau(  65) = (   0.3266869   0.4320958   0.6960202  )
         3           H   tau(  66) = (   0.4216354   0.3838169   0.6364763  )
     Fragment #  23:
         1           O   tau(  67) = (   0.3323195   0.4393376   0.2333478  )
         2           H   tau(  68) = (   0.2743848   0.4079564   0.2735802  )
         3           H   tau(  69) = (   0.3041568   0.5069280   0.2092084  )
     Fragment #  24:
         1           O   tau(  70) = (   0.3564589   0.7249875   0.0136790  )
         2           H   tau(  71) = (   0.3709426   0.7893593   0.0531067  )
         3           H   tau(  72) = (   0.4232447   0.6871691   0.0136790  )
     Fragment #  25:
         1           O   tau(  73) = (   0.7893593   0.9036193   0.8674102  )
         2           H   tau(  74) = (   0.7845315   0.8593637   0.9301727  )
         3           H   tau(  75) = (   0.7241829   0.8891356   0.8287871  )
     Fragment #  26:
         1           O   tau(  76) = (   0.9527028   0.5367000   0.8513172  )
         2           H   tau(  77) = (   0.9205169   0.5841742   0.8006244  )
         3           H   tau(  78) = (   0.8955728   0.4892258   0.8730427  )
     Fragment #  27:
         1           O   tau(  79) = (   0.3830123   0.9518982   0.1054088  )
         2           H   tau(  80) = (   0.4562352   0.9607493   0.1287436  )
         3           H   tau(  81) = (   0.3725519   1.0090281   0.0547160  )
     Fragment #  28:
         1           O   tau(  82) = (   0.8931589   0.1456412   0.0989717  )
         2           H   tau(  83) = (   0.9663818   0.1480552   0.0764415  )
         3           H   tau(  84) = (   0.8939635   0.1746085   0.1705853  )
     Fragment #  29:
         1           O   tau(  85) = (   0.6421088   0.8054523   0.7306201  )
         2           H   tau(  86) = (   0.6549832   0.8408568   0.6638343  )
         3           H   tau(  87) = (   0.5729091   0.7724617   0.7217689  )
     Fragment #  30:
         1           O   tau(  88) = (   0.0193115   0.6807319   0.0120697  )
         2           H   tau(  89) = (   0.0289673   0.7418851  -0.0329906  )
         3           H   tau(  90) = (   0.0177022   0.6203833  -0.0362091  )
     Fragment #  31:
         1           O   tau(  91) = (   0.8480986   0.9140797   0.1198925  )
         2           H   tau(  92) = (   0.9012054   0.9687958   0.1102367  )
         3           H   tau(  93) = (   0.8778706   0.8674102   0.1738039  )
     Fragment #  32:
         1           O   tau(  94) = (   0.1078228   0.2059898   0.9687958  )
         2           H   tau(  95) = (   0.0909252   0.2349571   0.8995961  )
         3           H   tau(  96) = (   0.1215018   0.2679477   1.0122467  )
     Fragment #  33:
         1           O   tau(  97) = (   0.0378184   0.0547160   0.3033522  )
         2           H   tau(  98) = (  -0.0313813   0.0877066   0.3073754  )
         3           H   tau(  99) = (   0.0828787   0.0981670   0.3476078  )
     Fragment #  34:
         1           O   tau( 100) = (   0.6372809   0.6871691   0.2325432  )
         2           H   tau( 101) = (   0.6565925   0.7563688   0.2059898  )
         3           H   tau( 102) = (   0.5632534   0.6928016   0.2510501  )
     Fragment #  35:
         1           O   tau( 103) = (   0.8046476   0.5890021   0.3564589  )
         2           H   tau( 104) = (   0.7426898   0.6083136   0.3974959  )
         3           H   tau( 105) = (   0.8215452   0.6509599   0.3154219  )
     Fragment #  36:
         1           O   tau( 106) = (   0.7249875   0.1890922   0.9663818  )
         2           H   tau( 107) = (   0.7523455   0.1987480   0.8947682  )
         3           H   tau( 108) = (   0.7869454   0.1939201   1.0114421  )
     Fragment #  37:
         1           O   tau( 109) = (   0.0764415   0.7780943   0.8336150  )
         2           H   tau( 110) = (   0.1496645   0.7563688   0.8287871  )
         3           H   tau( 111) = (   0.0796601   0.8537312   0.8497079  )
     Fragment #  38:
         1           O   tau( 112) = (   0.4393376   0.7362526   0.6654436  )
         2           H   tau( 113) = (   0.4288772   0.6839505   0.6099229  )
         3           H   tau( 114) = (   0.4393376   0.8038430   0.6276252  )
     Fragment #  39:
         1           O   tau( 115) = (   0.2735802   0.7096992   0.8191313  )
         2           H   tau( 116) = (   0.3210544   0.7322294   0.7628060  )
         3           H   tau( 117) = (   0.3105940   0.7265968   0.8843078  )
     Fragment #  40:
         1           O   tau( 118) = (   0.2486361   0.4707189   0.8078662  )
         2           H   tau( 119) = (   0.2679477   0.4602585   0.8810892  )
         3           H   tau( 120) = (   0.2212781   0.5431372   0.8054523  )
     Fragment #  41:
         1           O   tau( 121) = (   0.1231111   0.6453274   0.4860072  )
         2           H   tau( 122) = (   0.0893159   0.6565925   0.5544022  )
         3           H   tau( 123) = (   0.1102367   0.7113085   0.4481887  )
     Fragment #  42:
         1           O   tau( 124) = (   0.8336150   0.2566826   0.7700478  )
         2           H   tau( 125) = (   0.7668292   0.2582919   0.7322294  )
         3           H   tau( 126) = (   0.8802845   0.3025475   0.7290108  )
     Fragment #  43:
         1           O   tau( 127) = (   0.3443892   0.6042904   0.5117559  )
         2           H   tau( 128) = (   0.2679477   0.6139462   0.5157791  )
         3           H   tau( 129) = (   0.3556543   0.5286535   0.5198024  )
     Fragment #  44:
         1           O   tau( 130) = (   0.7829222   0.6340623   0.7209643  )
         2           H   tau( 131) = (   0.7362526   0.6952156   0.7241829  )
         3           H   tau( 132) = (   0.7547595   0.5849788   0.7724617  )
     Fragment #  45:
         1           O   tau( 133) = (   0.4626724   0.4457748   0.3878402  )
         2           H   tau( 134) = (   0.4111749   0.4127842   0.4353144  )
         3           H   tau( 135) = (   0.4224400   0.4618677   0.3242730  )
     Fragment #  46:
         1           O   tau( 136) = (   0.9969584   0.3669193   0.6791226  )
         2           H   tau( 137) = (   1.0251211   0.4337051   0.7048713  )
         3           H   tau( 138) = (   1.0589163   0.3210544   0.6726854  )
     Fragment #  47:
         1           O   tau( 139) = (   0.1190879   0.4103703   0.0635672  )
         2           H   tau( 140) = (   0.0571300   0.4530166   0.0788555  )
         3           H   tau( 141) = (   0.1786318   0.4514073   0.0917298  )
     Fragment #  48:
         1           O   tau( 142) = (   0.1746085   0.2011619   0.4103703  )
         2           H   tau( 143) = (   0.1762178   0.2059898   0.4868118  )
         3           H   tau( 144) = (   0.1472505   0.2687523   0.3870355  )
     Fragment #  49:
         1           O   tau( 145) = (   0.7330340   0.7459084   0.0096558  )
         2           H   tau( 146) = (   0.7756803   0.6831459   0.0233348  )
         3           H   tau( 147) = (   0.7467130   0.7925779   0.0691997  )
     Fragment #  50:
         1           O   tau( 148) = (   0.9736237   0.7314247   0.6541785  )
         2           H   tau( 149) = (   1.0186839   0.7507363   0.7129178  )
         3           H   tau( 150) = (   0.9148844   0.6936063   0.6855598  )
     Fragment #  51:
         1           O   tau( 151) = (   0.3886448   0.8859171   0.4449701  )
         2           H   tau( 152) = (   0.3838169   0.9551168   0.4111749  )
         3           H   tau( 153) = (   0.4441655   0.8939635   0.4972722  )
     Fragment #  52:
         1           O   tau( 154) = (   0.3805983   0.3661147   0.0418417  )
         2           H   tau( 155) = (   0.3395613   0.3854262   0.1046042  )
         3           H   tau( 156) = (   0.4530166   0.3596775   0.0667858  )
     Fragment #  53:
         1           O   tau( 157) = (   0.5560115   0.6236019   0.9784515  )
         2           H   tau( 158) = (   0.5745184   0.5865881   1.0436280  )
         3           H   tau( 159) = (   0.6091183   0.6783180   0.9720144  )
     Fragment #  54:
         1           O   tau( 160) = (   0.3854262   0.1142600   0.4111749  )
         2           H   tau( 161) = (   0.3122033   0.1359855   0.3991052  )
         3           H   tau( 162) = (   0.4248540   0.1440319   0.3524357  )
     Fragment #  55:
         1           O   tau( 163) = (   0.4401423   0.6919970   0.3234684  )
         2           H   tau( 164) = (   0.4192214   0.7611967   0.3500217  )
         3           H   tau( 165) = (   0.4023238   0.6421088   0.3677240  )
     Fragment #  56:
         1           O   tau( 166) = (   0.3041568   0.0828787   0.7676339  )
         2           H   tau( 167) = (   0.3379520   0.1206971   0.8255685  )
         3           H   tau( 168) = (   0.2607058   0.0289673   0.8022337  )
     Fragment #  57:
         1           O   tau( 169) = (   0.1641481   0.9301727   0.1536877  )
         2           H   tau( 170) = (   0.1392040   0.9881073   0.1979433  )
         3           H   tau( 171) = (   0.2405896   0.9366099   0.1536877  )
     Fragment #  58:
         1           O   tau( 172) = (   0.1705853   0.9631632   0.9028147  )
         2           H   tau( 173) = (   0.1866783   0.9229308   0.9671865  )
         3           H   tau( 174) = (   0.1150646   1.0122467   0.9237355  )
     Fragment #  59:
         1           O   tau( 175) = (   0.9068379   0.2349571   0.3105940  )
         2           H   tau( 176) = (   0.9358052   0.2840406   0.3620914  )
         3           H   tau( 177) = (   0.8344196   0.2228874   0.3339288  )
     Fragment #  60:
         1           O   tau( 178) = (   0.6083136   0.8987914   0.2277153  )
         2           H   tau( 179) = (   0.6348670   0.9245401   0.2953057  )
         3           H   tau( 180) = (   0.6195787   0.9575307   0.1786318  )
     Fragment #  61:
         1           O   tau( 181) = (   0.8891356   0.7805082   0.2977196  )
         2           H   tau( 182) = (   0.9623586   0.7660246   0.2784081  )
         3           H   tau( 183) = (   0.8915496   0.7933826   0.3733565  )
     Fragment #  62:
         1           O   tau( 184) = (   0.4819839   0.1311576   0.6002671  )
         2           H   tau( 185) = (   0.4409469   0.1416180   0.5358953  )
         3           H   tau( 186) = (   0.4304865   0.1343762   0.6573971  )
     Fragment #  63:
         1           O   tau( 187) = (   0.6099229   0.0008046   0.0217255  )
         2           H   tau( 188) = (   0.6195787  -0.0402324  -0.0426463  )
         3           H   tau( 189) = (   0.6469367   0.0675904   0.0080465  )
     Fragment #  64:
         1           O   tau( 190) = (   0.7145271   0.5238256   0.1166739  )
         2           H   tau( 191) = (   0.6887784   0.5761277   0.1657574  )
         3           H   tau( 192) = (   0.7837268   0.5037094   0.1440319  )
     ===== FROZEN DENSITY EMBEDDING METHOD ======================
 

     celldm(1)=  23.485138  celldm(2)=   0.000000  celldm(3)=   0.000000
     celldm(4)=   0.000000  celldm(5)=   0.000000  celldm(6)=   0.000000

     crystal axes: (cart. coord. in units of alat)
               a(1) = (   1.000000   0.000000   0.000000 )  
               a(2) = (   0.000000   1.000000   0.000000 )  
               a(3) = (   0.000000   0.000000   1.000000 )  

     reciprocal axes: (cart. coord. in units 2 pi/alat)
               b(1) = (  1.000000  0.000000  0.000000 )  
               b(2) = (  0.000000  1.000000  0.000000 )  
               b(3) = (  0.000000  0.000000  1.000000 )  

     Large crystal axes: (cart. coord. in units of alat)
               a(1) = (   1.000000   0.000000   0.000000 )  
               a(2) = (   0.000000   1.000000   0.000000 )  
               a(3) = (   0.000000   0.000000   1.000000 )  

     Large reciprocal axes: (cart. coord. in units 2 pi/alat)
               b(1) = (  1.000000  0.000000  0.000000 )  
               b(2) = (  0.000000  1.000000  0.000000 )  
               b(3) = (  0.000000  0.000000  1.000000 )  


     PseudoPot. # 1 for O  read from file:
     ./O.pbe-rrkjus.UPF
     MD5 check sum: 390ba29e75625707450f3bd3f0eb6be9
     Pseudo is Ultrasoft, Zval =  6.0
     Generated by new atomic code, or converted to UPF format
     Using radial grid of 1269 points,  4 beta functions with: 
                l(1) =   0
                l(2) =   0
                l(3) =   1
                l(4) =   1
     Q(r) pseudized with 0 coefficients 


     PseudoPot. # 2 for H  read from file:
     ./H.pbe-rrkjus.UPF
     MD5 check sum: 7cc9d459525c9a0585f487a71c3c9563
     Pseudo is Ultrasoft, Zval =  1.0
     Generated by new atomic code, or converted to UPF format
     Using radial grid of 1061 points,  2 beta functions with: 
                l(1) =   0
                l(2) =   0
     Q(r) pseudized with 0 coefficients 


     atomic species   valence    mass     pseudopotential
        O              6.00    15.99900     O ( 1.00)
        H              1.00     1.00794     H ( 1.00)

     No symmetry found


                                    s                        frac. trans.

      isym =  1     identity                                     

 cryst.   s( 1) = (     1          0          0      )
                  (     0          1          0      )
                  (     0          0          1      )

 cart.    s( 1) = (  1.0000000  0.0000000  0.0000000 )
                  (  0.0000000  1.0000000  0.0000000 )
                  (  0.0000000  0.0000000  1.0000000 )


     point group C_1 (1)    
     there are  1 classes
     the character table:

       E    
A      1.00

     the symmetry operations in each class:
     E        1

   Cartesian axes

     site n.     atom                  positions (alat units)
         1           O   tau(   1) = (   0.5560115   0.6236019   0.9784515  )
         2           H   tau(   2) = (   0.5745184   0.5865881   1.0436280  )
         3           H   tau(   3) = (   0.6091183   0.6783180   0.9720144  )

   Crystallographic axes

     site n.     atom                  positions (cryst. coord.)
         1           O   tau(   1) = (  0.5560115  0.6236019  0.9784515  )
         2           H   tau(   2) = (  0.5745184  0.5865881  1.0436280  )
         3           H   tau(   3) = (  0.6091183  0.6783180  0.9720144  )

     number of k points=     1
                       cart. coord. in units 2pi/alat
        k(    1) = (   0.0000000   0.0000000   0.0000000), wk =   2.0000000

                       cryst. coord.
        k(    1) = (   0.0000000   0.0000000   0.0000000), wk =   2.0000000

     Dense  grid:  1749933 G-vectors     FFT dimensions: ( 150, 150, 150)

     Smooth grid:   442831 G-vectors     FFT dimensions: (  96,  96,  96)

     Large  grid:  1749933 G-vectors     FFT dimensions: ( 150, 150, 150)

     Largest allocated arrays     est. size (Mb)     dimensions
        Kohn-Sham Wavefunctions         3.39 Mb     (   55467,    4)
        NL pseudopotentials            10.16 Mb     (   55467,   12)
        Each V/rho on FFT grid         51.50 Mb     ( 3375000)
        Each V/rho on Large FFT grid      51.50 Mb     ( 3375000)
        Each G-vector array            13.35 Mb     ( 1749933)
        G-vector shells                 0.04 Mb     (    4661)
        Each G-vector array (Large)      13.35 Mb     ( 1749933)
        G-vector shells (Large)           0.04 Mb     (    4661)
     Largest temporary arrays     est. size (Mb)     dimensions
        Auxiliary wavefunctions        13.54 Mb     (   55467,   16)
        Each subspace H/S matrix        0.00 Mb     (      16,   16)
        Each <psi_i|beta_j> matrix      0.00 Mb     (      12,    4)
        Arrays for rho mixing         411.99 Mb     ( 3375000,    8)

     Initial potential from superposition of free atoms
     Check: negative starting charge=   -0.000991

     starting charge    7.80759, renormalised to    8.00000
     Starting wfc are    6 randomized atomic wfcs

     total cpu time spent up to now is       24.0 secs

     per-process dynamical memory:  1511.5 Mb

     Self-consistent Calculation

     iteration #  1     ecut=    40.00 Ry     beta=0.70
     Davidson diagonalization with overlap
     ethr =  1.00E-02,  avg # of iterations =  2.0

     total cpu time spent up to now is       45.5 secs

     max. frag. est. scf acc.  =       1.35406844 Ry

     frag. estimated scf acc.  <       0.65546732 Ry
     total Hartree energy      =    1166.39050292

     iteration #  2     ecut=    40.00 Ry     beta=0.70
     Davidson diagonalization with overlap
     ethr =  8.19E-03,  avg # of iterations =  2.0

     total cpu time spent up to now is       61.2 secs

     max. frag. est. scf acc.  =       0.38555490 Ry

     frag. estimated scf acc.  <       0.28530445 Ry
     total Hartree energy      =    1065.89927721

     iteration #  3     ecut=    40.00 Ry     beta=0.70
     Davidson diagonalization with overlap
     ethr =  3.57E-03,  avg # of iterations =  2.0

     total cpu time spent up to now is       77.0 secs

     max. frag. est. scf acc.  =       0.02786258 Ry

     frag. estimated scf acc.  <       0.02304844 Ry
     total Hartree energy      =    1094.83746013

     iteration #  4     ecut=    40.00 Ry     beta=0.70
     Davidson diagonalization with overlap
     ethr =  2.88E-04,  avg # of iterations =  2.0

     total cpu time spent up to now is       93.0 secs

     max. frag. est. scf acc.  =       0.00062081 Ry

     frag. estimated scf acc.  <       0.00029589 Ry
     total Hartree energy      =    1093.84878793

     iteration #  5     ecut=    40.00 Ry     beta=0.70
     Davidson diagonalization with overlap
     ethr =  3.70E-06,  avg # of iterations =  2.0

     total cpu time spent up to now is      108.8 secs

     max. frag. est. scf acc.  =       0.00008717 Ry

     frag. estimated scf acc.  <       0.00002128 Ry
     total Hartree energy      =    1093.83248172

     iteration #  6     ecut=    40.00 Ry     beta=0.70
     Davidson diagonalization with overlap
     ethr =  2.66E-07,  avg # of iterations =  2.0

     total cpu time spent up to now is      124.2 secs

     max. frag. est. scf acc.  =       0.00000772 Ry

     frag. estimated scf acc.  <       0.00000147 Ry
     total Hartree energy      =    1093.62167229

     iteration #  7     ecut=    40.00 Ry     beta=0.70
     Davidson diagonalization with overlap
     ethr =  1.84E-08,  avg # of iterations =  2.0

     total cpu time spent up to now is      139.6 secs

     max. frag. est. scf acc.  =       0.00000089 Ry

     frag. estimated scf acc.  <       0.00000009 Ry
     total Hartree energy      =    1093.61498266

     iteration #  8     ecut=    40.00 Ry     beta=0.70
     Davidson diagonalization with overlap
     ethr =  1.11E-09,  avg # of iterations =  2.0

     total cpu time spent up to now is      155.1 secs

     max. frag. est. scf acc.  =       0.00000010 Ry

     frag. estimated scf acc.  <       0.00000001 Ry
     total Hartree energy      =    1093.62973257

     iteration #  9     ecut=    40.00 Ry     beta=0.70
     Davidson diagonalization with overlap
     ethr =  1.55E-10,  avg # of iterations =  2.0

     total cpu time spent up to now is      170.8 secs

     max. frag. est. scf acc.  =       0.00000002 Ry

     frag. estimated scf acc.  <       0.00000000 Ry
     total Hartree energy      =    1093.63450300

     iteration # 10     ecut=    40.00 Ry     beta=0.70
     Davidson diagonalization with overlap
     ethr =  9.80E-12,  avg # of iterations =  2.0

     total cpu time spent up to now is      187.4 secs

     End of self-consistent calculation

          k = 0.0000 0.0000 0.0000 ( 55467 PWs)   bands (ev):

   -22.1493  -9.8138  -6.2972  -4.4388

     occupation numbers 
     1.0000   1.0000   1.0000   1.0000

     highest occupied level (ev):    -4.4388

     max. frag. est. scf acc.  =       0.00000001 Ry

     frag. estimated scf acc.  <       0.00000000 Ry

     The total energy is the sum of the following terms:

     one-electron contribution =     -42.57428846 Ry
     hartree contribution      =      23.59891566 Ry
     xc contribution           =      -8.45705645 Ry
     ewald contribution        =    -885.28576128 Ry
 
     FDE: sum of frag energies =  -57969.39745730 Ry
     FDE: ewald double counting=   55773.00296055 Ry
     FDE: non additive kinetic =       3.90906834 Ry
     FDE: non additive E_XC    =      -2.20270754 Ry
     FDE: total energy         =   -2194.68813594 Ry

     convergence has been achieved in  10 iterations

     Writing output data file water-64.save
     Writing data to file  wg_corr_r
 before rewinding file
 
     init_run     :     21.06s CPU     22.48s WALL (       1 calls)
     electrons    :    156.20s CPU    163.86s WALL (       1 calls)

     Called by init_run:
     wfcinit      :      0.40s CPU      0.58s WALL (       1 calls)
     potinit      :      7.45s CPU      8.22s WALL (       1 calls)

     Called by electrons:
     c_bands      :      7.64s CPU      7.67s WALL (      10 calls)
     sum_band     :     27.48s CPU     28.17s WALL (      10 calls)
     v_of_rho     :     85.84s CPU     92.00s WALL (      11 calls)
     v_h          :     17.18s CPU   2146.03s WALL (      13 calls)
     v_xc         :     34.64s CPU     36.74s WALL (      14 calls)
     newd         :     27.29s CPU     27.96s WALL (      11 calls)
     mix_rho      :     10.17s CPU     10.23s WALL (      10 calls)

     Called by c_bands:
     init_us_2    :      0.30s CPU      0.31s WALL (      21 calls)
     cegterg      :      7.31s CPU      7.34s WALL (      10 calls)

     Called by sum_band:
     sum_band:bec :      0.00s CPU      0.00s WALL (      10 calls)
     addusdens    :     20.88s CPU     21.51s WALL (      10 calls)

     Called by *egterg:
     h_psi        :      7.03s CPU      7.05s WALL (      31 calls)
     s_psi        :      0.10s CPU      0.10s WALL (      31 calls)
     g_psi        :      0.03s CPU      0.03s WALL (      20 calls)
     cdiaghg      :      0.00s CPU      0.17s WALL (      30 calls)
     cegterg:over :      0.12s CPU      0.12s WALL (      20 calls)
     cegterg:upda :      0.12s CPU      0.12s WALL (      20 calls)
     cegterg:last :      0.04s CPU      0.04s WALL (      10 calls)

     Called by h_psi:
     h_psi:vloc   :      6.79s CPU      6.80s WALL (      31 calls)
     h_psi:vnl    :      0.20s CPU      0.20s WALL (      31 calls)
     add_vuspsi   :      0.10s CPU      0.10s WALL (      31 calls)

     General routines
     calbec       :      0.13s CPU      0.13s WALL (      41 calls)
     fft          :     21.22s CPU     22.36s WALL (     184 calls)
     ffts         :      0.66s CPU      0.67s WALL (      21 calls)
     fftw         :      5.48s CPU      5.49s WALL (     286 calls)
     interpolate  :      3.92s CPU      3.98s WALL (      21 calls)
     davcio       :      0.00s CPU      0.00s WALL (       1 calls)
 
     Parallel routines
     fft_scatter  :     12.44s CPU     13.82s WALL (     691 calls)
     PWSCF        :   1437.78s CPU   3581.43s WALL (       1 calls)
