srun: Warning: can't run 1 processes on 4 nodes, setting nnodes to 1
  

     Program eQE v.0.2.0 starts on 19Apr2020 at 11:59:25 

     This program is based on the open-source Quantum ESPRESSO suite

     Parallel version (MPI), running on     1 processors
 alpha   2.80000000000000     
 kji         149         149         149
 before plot_io
 after plot_io
 after write_wg_on_file_large
 Local_MT(g = 0) (-1.62285784956642,0.000000000000000E+000)
 Local_MT(g = 0) (-1.62285784956642,0.000000000000000E+000)
 Hartree_MT(g = 0) (1.62285784956642,0.000000000000000E+000)
 Rho (g = 0) (8.00000000000001,0.000000000000000E+000)
 Omega   12953.2686687672     
 Hartree_MT(g = 0) (1.62285784956642,0.000000000000000E+000)
 Rho (g = 0) (8.00000000000001,0.000000000000000E+000)
 Omega   12953.2686687672     
 E_interaction =    2.02928222186392     
 Hartree_MT(g = 0) (1.62285784956642,0.000000000000000E+000)
 Rho (g = 0) (8.00000000000001,0.000000000000000E+000)
 Omega   12953.2686687672     
 E_interaction =    1.98824542710592     
 Hartree_MT(g = 0) (1.62285784956642,0.000000000000000E+000)
 Rho (g = 0) (8.00000000000001,0.000000000000000E+000)
 Omega   12953.2686687672     
 E_interaction =    1.99058646047555     
 Hartree_MT(g = 0) (1.62285784956642,0.000000000000000E+000)
 Rho (g = 0) (8.00000000000002,0.000000000000000E+000)
 Omega   12953.2686687672     
 E_interaction =    1.97179601642660     
 Hartree_MT(g = 0) (1.62285784956642,0.000000000000000E+000)
 Rho (g = 0) (8.00000000000001,0.000000000000000E+000)
 Omega   12953.2686687672     
 E_interaction =    1.97137314547448     
 Hartree_MT(g = 0) (1.62285784956642,0.000000000000000E+000)
 Rho (g = 0) (8.00000000000001,0.000000000000000E+000)
 Omega   12953.2686687672     
 E_interaction =    1.96589677602553     
 Hartree_MT(g = 0) (1.62285784956642,0.000000000000000E+000)
 Rho (g = 0) (8.00000000000001,0.000000000000000E+000)
 Omega   12953.2686687672     
 E_interaction =    1.96294072794174     
 Hartree_MT(g = 0) (1.62285784956642,0.000000000000000E+000)
 Rho (g = 0) (8.00000000000000,0.000000000000000E+000)
 Omega   12953.2686687672     
 E_interaction =    1.96183886408733     
 Hartree_MT(g = 0) (1.62285784956642,0.000000000000000E+000)
 Rho (g = 0) (8.00000000000000,0.000000000000000E+000)
 Omega   12953.2686687672     
 E_interaction =    1.96044947413358     
 Hartree_MT(g = 0) (1.62285784956642,0.000000000000000E+000)
 Rho (g = 0) (8.00000000000000,0.000000000000000E+000)
 Omega   12953.2686687672     
 E_interaction =    1.96062519516634     
 Hartree_MT(g = 0) (1.62285784956642,0.000000000000000E+000)
 Rho (g = 0) (8.00000000000001,0.000000000000000E+000)
 Omega   12953.2686687672     
 E_interaction =    1.96045387576949     
 Hartree_MT(g = 0) (1.62285784956642,0.000000000000000E+000)
 Rho (g = 0) (8.00000000000000,0.000000000000000E+000)
 Omega   12953.2686687672     
 E_interaction =    1.96049976697102     
 Hartree_MT(g = 0) (1.62285784956642,0.000000000000000E+000)
 Rho (g = 0) (8.00000000000000,0.000000000000000E+000)
 Omega   12953.2686687672     
 E_interaction =    1.96082083319408     
 Hartree_MT(g = 0) (1.62285784956642,0.000000000000000E+000)
 Rho (g = 0) (8.00000000000000,0.000000000000000E+000)
 Omega   12953.2686687672     
 E_interaction =    1.96077539246142     
 Hartree_MT(g = 0) (1.62285784956642,0.000000000000000E+000)
 Rho (g = 0) (8.00000000000000,0.000000000000000E+000)
 Omega   12953.2686687672     
 E_interaction =    1.96076563772822     
 Hartree_MT(g = 0) (1.62285784956641,0.000000000000000E+000)
 Rho (g = 0) (7.99999999999999,0.000000000000000E+000)
 Omega   12953.2686687672     
 E_interaction =    1.96078111267824     
 Hartree_MT(g = 0) (1.62285784956641,0.000000000000000E+000)
 Rho (g = 0) (7.99999999999999,0.000000000000000E+000)
 Omega   12953.2686687672     
 E_interaction =    1.96077114898942     
 Hartree_MT(g = 0) (1.62285784956642,0.000000000000000E+000)
 Rho (g = 0) (8.00000000000000,0.000000000000000E+000)
 Omega   12953.2686687672     
 E_interaction =    1.96077528648240     
 Hartree_MT(g = 0) (1.62285784956642,0.000000000000000E+000)
 Rho (g = 0) (8.00000000000000,0.000000000000000E+000)
 Omega   12953.2686687672     
 E_interaction =    1.96077910360815     
