     Reading input from water.scf_0.in

     Current dimensions of program PWSCF are:
     Max number of different atomic species (ntypx) = 10
     Max number of k-points (npk) =  40000
     Max angular momentum in pseudopotentials (lmaxx) =  3
               file O.pbe-rrkjus.UPF: wavefunction(s)  2S renormalized
               file H.pbe-rrkjus.UPF: wavefunction(s)  1S renormalized

     Subspace diagonalization in iterative solution of the eigenvalue problem:
     a serial algorithm will be used


   Info: using nr1, nr2, nr3 values from input
 
     G-vector sticks info
     --------------------
     sticks:   dense  smooth     PW     G-vecs:    dense   smooth      PW
     Sum       17561    7025   1757              1749933   442831   55467
 
 
     G-vector sticks info Large
     --------------------
     sticks:   dense     G-vecs:    dense
     Sum       17561              1749933
 
     Reading data from file  water-64_embedpot_MT_0_alpha.pp
 after opening file
 before rewinding file
 ref_atm           1
  5.712998278054038E-002  5.873927807013318E-002  0.102190250889136     
        -137           1        -122


     bravais-lattice index     =            0
     lattice parameter (alat)  =      23.4851  a.u.
     unit-cell volume          =   12953.2687 (a.u.)^3
     number of atoms/cell      =            3
     number of atomic types    =            2


     Large bravais-lattice index     =            0
     Large lattice parameter (alat)  =      23.4851  a.u.
     Large unit-cell volume          =   12953.2687 (a.u.)^3
     number of electrons       =         8.00
     number of Kohn-Sham states=            4
     kinetic-energy cutoff     =      40.0000  Ry
     charge density cutoff     =     400.0000  Ry
     convergence threshold     =      1.0E-08
     mixing beta               =       0.7000
     number of iterations used =            8  plain     mixing
     Exchange-correlation      =  SLA  PW   PBE  PBE ( 1  4  3  4 0)
 
     ===== FROZEN DENSITY EMBEDDING METHOD ======================
     Number of fragments  :   1
     Total number of atoms:   3
     Current fragment     :   1
     Initial FDE Density  : Atomic
     Kinetic energy funct.: revAPBEK  
     Fragment Charge      :  0.00
     Total    Charge      :  0.00
     Fragment Spin        : Closed Shell
     Total    Spin        : Closed Shell
     Fragment #   1:
         1           O   tau(   1) = (   0.5753231   0.4763514   0.6638343  )
         2           H   tau(   2) = (   0.6147508   0.5350907   0.6324530  )
         3           H   tau(   3) = (   0.5576208   0.5012955   0.7346433  )
     ===== FROZEN DENSITY EMBEDDING METHOD ======================
 
     Assuming isolated system, Martyna-Tuckerman method


     celldm(1)=  23.485138  celldm(2)=   0.000000  celldm(3)=   0.000000
     celldm(4)=   0.000000  celldm(5)=   0.000000  celldm(6)=   0.000000

     crystal axes: (cart. coord. in units of alat)
               a(1) = (   1.000000   0.000000   0.000000 )  
               a(2) = (   0.000000   1.000000   0.000000 )  
               a(3) = (   0.000000   0.000000   1.000000 )  

     reciprocal axes: (cart. coord. in units 2 pi/alat)
               b(1) = (  1.000000  0.000000  0.000000 )  
               b(2) = (  0.000000  1.000000  0.000000 )  
               b(3) = (  0.000000  0.000000  1.000000 )  

     Large crystal axes: (cart. coord. in units of alat)
               a(1) = (   1.000000   0.000000   0.000000 )  
               a(2) = (   0.000000   1.000000   0.000000 )  
               a(3) = (   0.000000   0.000000   1.000000 )  

     Large reciprocal axes: (cart. coord. in units 2 pi/alat)
               b(1) = (  1.000000  0.000000  0.000000 )  
               b(2) = (  0.000000  1.000000  0.000000 )  
               b(3) = (  0.000000  0.000000  1.000000 )  


     PseudoPot. # 1 for O  read from file:
     ./O.pbe-rrkjus.UPF
     MD5 check sum: 390ba29e75625707450f3bd3f0eb6be9
     Pseudo is Ultrasoft, Zval =  6.0
     Generated by new atomic code, or converted to UPF format
     Using radial grid of 1269 points,  4 beta functions with: 
                l(1) =   0
                l(2) =   0
                l(3) =   1
                l(4) =   1
     Q(r) pseudized with 0 coefficients 


     PseudoPot. # 2 for H  read from file:
     ./H.pbe-rrkjus.UPF
     MD5 check sum: 7cc9d459525c9a0585f487a71c3c9563
     Pseudo is Ultrasoft, Zval =  1.0
     Generated by new atomic code, or converted to UPF format
     Using radial grid of 1061 points,  2 beta functions with: 
                l(1) =   0
                l(2) =   0
     Q(r) pseudized with 0 coefficients 


     atomic species   valence    mass     pseudopotential
        O              6.00    15.99900     O ( 1.00)
        H              1.00     1.00794     H ( 1.00)

     No symmetry found


                                    s                        frac. trans.

      isym =  1     identity                                     

 cryst.   s( 1) = (     1          0          0      )
                  (     0          1          0      )
                  (     0          0          1      )

 cart.    s( 1) = (  1.0000000  0.0000000  0.0000000 )
                  (  0.0000000  1.0000000  0.0000000 )
                  (  0.0000000  0.0000000  1.0000000 )


     point group C_1 (1)    
     there are  1 classes
     the character table:

       E    
A      1.00

     the symmetry operations in each class:
     E        1

   Cartesian axes

     site n.     atom                  positions (alat units)
         1           O   tau(   1) = (   0.5753231   0.4763514   0.6638343  )
         2           H   tau(   2) = (   0.6147508   0.5350907   0.6324530  )
         3           H   tau(   3) = (   0.5576208   0.5012955   0.7346433  )

   Crystallographic axes

     site n.     atom                  positions (cryst. coord.)
         1           O   tau(   1) = (  0.5753231  0.4763514  0.6638343  )
         2           H   tau(   2) = (  0.6147508  0.5350907  0.6324530  )
         3           H   tau(   3) = (  0.5576208  0.5012955  0.7346433  )

     number of k points=     1
                       cart. coord. in units 2pi/alat
        k(    1) = (   0.0000000   0.0000000   0.0000000), wk =   2.0000000

                       cryst. coord.
        k(    1) = (   0.0000000   0.0000000   0.0000000), wk =   2.0000000

     Dense  grid:  1749933 G-vectors     FFT dimensions: ( 150, 150, 150)

     Smooth grid:   442831 G-vectors     FFT dimensions: (  96,  96,  96)

     Large  grid:  1749933 G-vectors     FFT dimensions: ( 150, 150, 150)

     Largest allocated arrays     est. size (Mb)     dimensions
        Kohn-Sham Wavefunctions         3.39 Mb     (   55467,    4)
        NL pseudopotentials            10.16 Mb     (   55467,   12)
        Each V/rho on FFT grid         51.50 Mb     ( 3375000)
        Each V/rho on Large FFT grid      51.50 Mb     ( 3375000)
        Each G-vector array            13.35 Mb     ( 1749933)
        G-vector shells                 0.04 Mb     (    4661)
        Each G-vector array (Large)      13.35 Mb     ( 1749933)
        G-vector shells (Large)           0.04 Mb     (    4661)
     Largest temporary arrays     est. size (Mb)     dimensions
        Auxiliary wavefunctions        13.54 Mb     (   55467,   16)
        Each subspace H/S matrix        0.00 Mb     (      16,   16)
        Each <psi_i|beta_j> matrix      0.00 Mb     (      12,    4)
        Arrays for rho mixing         411.99 Mb     ( 3375000,    8)
     Writing data to file  wg_corr_r
 before rewinding file

     Initial potential from superposition of free atoms
     Check: negative starting charge=   -0.000993

     starting charge    7.80759, renormalised to    8.00000

     negative rho (up, down):  1.018E-03 0.000E+00
     Starting wfc are    6 randomized atomic wfcs

     total cpu time spent up to now is       18.2 secs

     per-process dynamical memory:  1648.7 Mb

     Self-consistent Calculation

     iteration #  1     ecut=    40.00 Ry     beta=0.70
     Davidson diagonalization with overlap
     ethr =  1.00E-02,  avg # of iterations =  2.0

     negative rho (up, down):  8.676E-04 0.000E+00

     total cpu time spent up to now is       27.8 secs

     max. frag. est. scf acc.  =       0.73741784 Ry

     frag. estimated scf acc.  <       0.73741784 Ry
     total Hartree energy      =      38.50734822

     iteration #  2     ecut=    40.00 Ry     beta=0.70
     Davidson diagonalization with overlap
     ethr =  9.22E-03,  avg # of iterations =  1.0

     negative rho (up, down):  1.358E-03 0.000E+00

     total cpu time spent up to now is       36.5 secs

     max. frag. est. scf acc.  =       0.43481362 Ry

     frag. estimated scf acc.  <       0.43481362 Ry
     total Hartree energy      =      42.29697903

     iteration #  3     ecut=    40.00 Ry     beta=0.70
     Davidson diagonalization with overlap
     ethr =  5.44E-03,  avg # of iterations =  2.0

     negative rho (up, down):  1.132E-03 0.000E+00

     total cpu time spent up to now is       45.2 secs

     max. frag. est. scf acc.  =       0.10602254 Ry

     frag. estimated scf acc.  <       0.10602254 Ry
     total Hartree energy      =      41.94019054

     iteration #  4     ecut=    40.00 Ry     beta=0.70
     Davidson diagonalization with overlap
     ethr =  1.33E-03,  avg # of iterations =  1.0

     negative rho (up, down):  1.414E-02 0.000E+00

     total cpu time spent up to now is       53.7 secs

     max. frag. est. scf acc.  =       0.07559602 Ry

     frag. estimated scf acc.  <       0.07559602 Ry
     total Hartree energy      =      42.26422430

     iteration #  5     ecut=    40.00 Ry     beta=0.70
     Davidson diagonalization with overlap
     ethr =  9.45E-04,  avg # of iterations =  2.0

     negative rho (up, down):  1.230E-03 0.000E+00

     total cpu time spent up to now is       62.4 secs

     max. frag. est. scf acc.  =       0.06893677 Ry

     frag. estimated scf acc.  <       0.06893677 Ry
     total Hartree energy      =      42.49893964

     iteration #  6     ecut=    40.00 Ry     beta=0.70
     Davidson diagonalization with overlap
     ethr =  8.62E-04,  avg # of iterations =  1.0

     negative rho (up, down):  1.489E-03 0.000E+00

     total cpu time spent up to now is       70.8 secs

     max. frag. est. scf acc.  =       0.01265192 Ry

     frag. estimated scf acc.  <       0.01265192 Ry
     total Hartree energy      =      42.67544470

     iteration #  7     ecut=    40.00 Ry     beta=0.70
     Davidson diagonalization with overlap
     ethr =  1.58E-04,  avg # of iterations =  2.0

     negative rho (up, down):  1.212E-03 0.000E+00

     total cpu time spent up to now is       79.4 secs

     max. frag. est. scf acc.  =       0.00312922 Ry

     frag. estimated scf acc.  <       0.00312922 Ry
     total Hartree energy      =      42.73229979

     iteration #  8     ecut=    40.00 Ry     beta=0.70
     Davidson diagonalization with overlap
     ethr =  3.91E-05,  avg # of iterations =  2.0

     negative rho (up, down):  1.061E-03 0.000E+00

     total cpu time spent up to now is       88.0 secs

     max. frag. est. scf acc.  =       0.00017141 Ry

     frag. estimated scf acc.  <       0.00017141 Ry
     total Hartree energy      =      42.72755609

     iteration #  9     ecut=    40.00 Ry     beta=0.70
     Davidson diagonalization with overlap
     ethr =  2.14E-06,  avg # of iterations =  2.0

     negative rho (up, down):  8.639E-04 0.000E+00

     total cpu time spent up to now is       96.5 secs

     max. frag. est. scf acc.  =       0.00007095 Ry

     frag. estimated scf acc.  <       0.00007095 Ry
     total Hartree energy      =      42.75018438

     iteration # 10     ecut=    40.00 Ry     beta=0.70
     Davidson diagonalization with overlap
     ethr =  8.87E-07,  avg # of iterations =  3.0

     negative rho (up, down):  9.050E-04 0.000E+00

     total cpu time spent up to now is      105.2 secs

     max. frag. est. scf acc.  =       0.00014694 Ry

     frag. estimated scf acc.  <       0.00014694 Ry
     total Hartree energy      =      42.72584921

     iteration # 11     ecut=    40.00 Ry     beta=0.70
     Davidson diagonalization with overlap
     ethr =  8.87E-07,  avg # of iterations =  2.0

     negative rho (up, down):  3.647E-04 0.000E+00

     total cpu time spent up to now is      113.8 secs

     max. frag. est. scf acc.  =       0.00001472 Ry

     frag. estimated scf acc.  <       0.00001472 Ry
     total Hartree energy      =      42.72613758

     iteration # 12     ecut=    40.00 Ry     beta=0.70
     Davidson diagonalization with overlap
     ethr =  1.84E-07,  avg # of iterations =  1.0

     negative rho (up, down):  1.491E-04 0.000E+00

     total cpu time spent up to now is      122.2 secs

     max. frag. est. scf acc.  =       0.00001821 Ry

     frag. estimated scf acc.  <       0.00001821 Ry
     total Hartree energy      =      42.72320674

     iteration # 13     ecut=    40.00 Ry     beta=0.70
     Davidson diagonalization with overlap
     ethr =  1.84E-07,  avg # of iterations =  1.0

     negative rho (up, down):  6.673E-05 0.000E+00

     total cpu time spent up to now is      130.5 secs

     max. frag. est. scf acc.  =       0.00001288 Ry

     frag. estimated scf acc.  <       0.00001288 Ry
     total Hartree energy      =      42.71017299

     iteration # 14     ecut=    40.00 Ry     beta=0.70
     Davidson diagonalization with overlap
     ethr =  1.61E-07,  avg # of iterations =  2.0

     negative rho (up, down):  3.694E-05 0.000E+00

     total cpu time spent up to now is      138.9 secs

     max. frag. est. scf acc.  =       0.00000418 Ry

     frag. estimated scf acc.  <       0.00000418 Ry
     total Hartree energy      =      42.71475936

     iteration # 15     ecut=    40.00 Ry     beta=0.70
     Davidson diagonalization with overlap
     ethr =  5.22E-08,  avg # of iterations =  2.0

     negative rho (up, down):  3.080E-05 0.000E+00

     total cpu time spent up to now is      147.3 secs

     max. frag. est. scf acc.  =       0.00000030 Ry

     frag. estimated scf acc.  <       0.00000030 Ry
     total Hartree energy      =      42.71474422

     iteration # 16     ecut=    40.00 Ry     beta=0.70
     Davidson diagonalization with overlap
     ethr =  3.72E-09,  avg # of iterations =  2.0

     negative rho (up, down):  2.999E-05 0.000E+00

     total cpu time spent up to now is      155.6 secs

     max. frag. est. scf acc.  =       0.00000016 Ry

     frag. estimated scf acc.  <       0.00000016 Ry
     total Hartree energy      =      42.71646042

     iteration # 17     ecut=    40.00 Ry     beta=0.70
     Davidson diagonalization with overlap
     ethr =  2.05E-09,  avg # of iterations =  2.0

     negative rho (up, down):  3.083E-05 0.000E+00

     total cpu time spent up to now is      164.1 secs

     max. frag. est. scf acc.  =       0.00000015 Ry

     frag. estimated scf acc.  <       0.00000015 Ry
     total Hartree energy      =      42.71574710

     iteration # 18     ecut=    40.00 Ry     beta=0.70
     Davidson diagonalization with overlap
     ethr =  1.82E-09,  avg # of iterations =  1.0

     negative rho (up, down):  3.081E-05 0.000E+00

     total cpu time spent up to now is      172.3 secs

     max. frag. est. scf acc.  =       0.00000005 Ry

     frag. estimated scf acc.  <       0.00000005 Ry
     total Hartree energy      =      42.71526745

     iteration # 19     ecut=    40.00 Ry     beta=0.70
     Davidson diagonalization with overlap
     ethr =  6.43E-10,  avg # of iterations =  2.0

     negative rho (up, down):  3.051E-05 0.000E+00

     total cpu time spent up to now is      181.7 secs

     End of self-consistent calculation

          k = 0.0000 0.0000 0.0000 ( 55467 PWs)   bands (ev):

   -21.7222  -9.3753  -6.0532  -3.7458

     occupation numbers 
     1.0000   1.0000   1.0000   1.0000

     highest occupied level (ev):    -3.7458

     max. frag. est. scf acc.  =          0.1E-08 Ry

     frag. estimated scf acc.  <          0.1E-08 Ry

     The total energy is the sum of the following terms:

     one-electron contribution =     -82.45458016 Ry
     hartree contribution      =      42.71507367 Ry
     xc contribution           =      -8.44325115 Ry
     ewald contribution        =      13.92547792 Ry
 
     FDE: sum of frag energies =     -34.25727971 Ry
     FDE: ewald double counting=       0.00000000 Ry
     FDE: non additive kinetic =       0.00000000 Ry
     FDE: non additive E_XC    =       1.96077910 Ry
     FDE: total energy         =     -32.29650061 Ry

     convergence has been achieved in  19 iterations

     Writing output data file water-64.save
 
     init_run     :     13.05s CPU     17.95s WALL (       1 calls)
     electrons    :    151.71s CPU    163.87s WALL (       1 calls)

     Called by init_run:
     wfcinit      :      0.43s CPU      0.44s WALL (       1 calls)
     potinit      :      5.24s CPU      5.99s WALL (       1 calls)

     Called by electrons:
     c_bands      :      7.99s CPU      8.04s WALL (      19 calls)
     sum_band     :     27.35s CPU     28.37s WALL (      19 calls)
     v_of_rho     :     80.78s CPU     90.85s WALL (      20 calls)
     v_h          :      3.15s CPU      3.64s WALL (      20 calls)
     v_xc         :     26.38s CPU     29.37s WALL (      21 calls)
     newd         :     30.17s CPU     31.21s WALL (      20 calls)
     mix_rho      :      5.85s CPU      5.90s WALL (      19 calls)

     Called by c_bands:
     init_us_2    :      0.40s CPU      0.42s WALL (      39 calls)
     cegterg      :      7.52s CPU      7.55s WALL (      19 calls)

     Called by sum_band:
     sum_band:bec :      0.00s CPU      0.00s WALL (      19 calls)
     addusdens    :     18.91s CPU     19.85s WALL (      19 calls)

     Called by *egterg:
     h_psi        :      7.35s CPU      7.37s WALL (      53 calls)
     s_psi        :      0.10s CPU      0.10s WALL (      53 calls)
     g_psi        :      0.04s CPU      0.04s WALL (      33 calls)
     cdiaghg      :      0.01s CPU      0.01s WALL (      52 calls)
     cegterg:over :      0.09s CPU      0.09s WALL (      33 calls)
     cegterg:upda :      0.08s CPU      0.08s WALL (      33 calls)
     cegterg:last :      0.04s CPU      0.04s WALL (      19 calls)

     Called by h_psi:
     h_psi:vloc   :      7.12s CPU      7.14s WALL (      53 calls)
     h_psi:vnl    :      0.21s CPU      0.21s WALL (      53 calls)
     add_vuspsi   :      0.10s CPU      0.10s WALL (      53 calls)

     General routines
     calbec       :      0.15s CPU      0.15s WALL (      72 calls)
     fft          :     24.07s CPU     25.53s WALL (     305 calls)
     ffts         :      0.62s CPU      0.63s WALL (      39 calls)
     fftw         :      5.56s CPU      5.57s WALL (     480 calls)
     interpolate  :      4.40s CPU      4.46s WALL (      39 calls)
     davcio       :      0.00s CPU      0.00s WALL (       1 calls)
 
     Parallel routines
     fft_scatter  :     10.44s CPU     12.31s WALL (    1149 calls)
 
     PWSCF        :    165.10s CPU    182.40s WALL (       1 calls)
 
   This run was terminated on:  12: 2:28  19Apr2020            

=------------------------------------------------------------------------------=
   JOB DONE.
=------------------------------------------------------------------------------=
